0 info it worked if it ends with ok
1 verbose cli [ '/usr/bin/node', '/usr/bin/npm', 'install' ]
2 info using npm@1.4.28
3 info using node@v0.10.40
4 verbose node symlink /usr/bin/node
5 warn package.json expressapp@1.0.0 No description
6 warn package.json expressapp@1.0.0 No repository field.
7 warn package.json expressapp@1.0.0 No README data
8 verbose readDependencies using package.json deps
9 verbose install where, deps [ '/home/dlbmc/IonicProjects/realTimeDataApplication/expressProject',
9 verbose install   [ 'nodemon', 'tape', 'mongoose', 'mongodb-uri', 'jsonfile' ] ]
10 info preinstall expressapp@1.0.0
11 verbose unsafe-perm in lifecycle true
12 verbose readDependencies using package.json deps
13 verbose already installed skipping jsonfile@^2.2.3 /home/dlbmc/IonicProjects/realTimeDataApplication/expressProject
14 verbose cache add [ 'nodemon@^1.7.1', null ]
15 verbose cache add name=undefined spec="nodemon@^1.7.1" args=["nodemon@^1.7.1",null]
16 verbose parsed url { protocol: null,
16 verbose parsed url   slashes: null,
16 verbose parsed url   auth: null,
16 verbose parsed url   host: null,
16 verbose parsed url   port: null,
16 verbose parsed url   hostname: null,
16 verbose parsed url   hash: null,
16 verbose parsed url   search: null,
16 verbose parsed url   query: null,
16 verbose parsed url   pathname: 'nodemon@^1.7.1',
16 verbose parsed url   path: 'nodemon@^1.7.1',
16 verbose parsed url   href: 'nodemon@^1.7.1' }
17 verbose cache add [ 'tape@^4.2.1', null ]
18 verbose cache add name=undefined spec="tape@^4.2.1" args=["tape@^4.2.1",null]
19 verbose parsed url { protocol: null,
19 verbose parsed url   slashes: null,
19 verbose parsed url   auth: null,
19 verbose parsed url   host: null,
19 verbose parsed url   port: null,
19 verbose parsed url   hostname: null,
19 verbose parsed url   hash: null,
19 verbose parsed url   search: null,
19 verbose parsed url   query: null,
19 verbose parsed url   pathname: 'tape@^4.2.1',
19 verbose parsed url   path: 'tape@^4.2.1',
19 verbose parsed url   href: 'tape@^4.2.1' }
20 verbose cache add name="nodemon" spec="^1.7.1" args=["nodemon","^1.7.1"]
21 verbose parsed url { protocol: null,
21 verbose parsed url   slashes: null,
21 verbose parsed url   auth: null,
21 verbose parsed url   host: null,
21 verbose parsed url   port: null,
21 verbose parsed url   hostname: null,
21 verbose parsed url   hash: null,
21 verbose parsed url   search: null,
21 verbose parsed url   query: null,
21 verbose parsed url   pathname: '^1.7.1',
21 verbose parsed url   path: '^1.7.1',
21 verbose parsed url   href: '^1.7.1' }
22 verbose addNamed [ 'nodemon', '^1.7.1' ]
23 verbose addNamed [ null, '>=1.7.1-0 <2.0.0-0' ]
24 verbose cache add name="tape" spec="^4.2.1" args=["tape","^4.2.1"]
25 verbose parsed url { protocol: null,
25 verbose parsed url   slashes: null,
25 verbose parsed url   auth: null,
25 verbose parsed url   host: null,
25 verbose parsed url   port: null,
25 verbose parsed url   hostname: null,
25 verbose parsed url   hash: null,
25 verbose parsed url   search: null,
25 verbose parsed url   query: null,
25 verbose parsed url   pathname: '^4.2.1',
25 verbose parsed url   path: '^4.2.1',
25 verbose parsed url   href: '^4.2.1' }
26 verbose addNamed [ 'tape', '^4.2.1' ]
27 verbose addNamed [ null, '>=4.2.1-0 <5.0.0-0' ]
28 verbose cache add [ 'mongoose@^4.3.1', null ]
29 verbose cache add name=undefined spec="mongoose@^4.3.1" args=["mongoose@^4.3.1",null]
30 verbose parsed url { protocol: null,
30 verbose parsed url   slashes: null,
30 verbose parsed url   auth: null,
30 verbose parsed url   host: null,
30 verbose parsed url   port: null,
30 verbose parsed url   hostname: null,
30 verbose parsed url   hash: null,
30 verbose parsed url   search: null,
30 verbose parsed url   query: null,
30 verbose parsed url   pathname: 'mongoose@^4.3.1',
30 verbose parsed url   path: 'mongoose@^4.3.1',
30 verbose parsed url   href: 'mongoose@^4.3.1' }
31 verbose cache add [ 'mongodb-uri@^0.9.7', null ]
32 verbose cache add name=undefined spec="mongodb-uri@^0.9.7" args=["mongodb-uri@^0.9.7",null]
33 verbose parsed url { protocol: null,
33 verbose parsed url   slashes: null,
33 verbose parsed url   auth: null,
33 verbose parsed url   host: null,
33 verbose parsed url   port: null,
33 verbose parsed url   hostname: null,
33 verbose parsed url   hash: null,
33 verbose parsed url   search: null,
33 verbose parsed url   query: null,
33 verbose parsed url   pathname: 'mongodb-uri@^0.9.7',
33 verbose parsed url   path: 'mongodb-uri@^0.9.7',
33 verbose parsed url   href: 'mongodb-uri@^0.9.7' }
34 silly lockFile d516100b-nodemon-1-7-1 nodemon@^1.7.1
35 verbose lock nodemon@^1.7.1 /home/dlbmc/.npm/d516100b-nodemon-1-7-1.lock
36 silly lockFile 954273e4-tape-4-2-1 tape@^4.2.1
37 verbose lock tape@^4.2.1 /home/dlbmc/.npm/954273e4-tape-4-2-1.lock
38 verbose cache add name="mongoose" spec="^4.3.1" args=["mongoose","^4.3.1"]
39 verbose parsed url { protocol: null,
39 verbose parsed url   slashes: null,
39 verbose parsed url   auth: null,
39 verbose parsed url   host: null,
39 verbose parsed url   port: null,
39 verbose parsed url   hostname: null,
39 verbose parsed url   hash: null,
39 verbose parsed url   search: null,
39 verbose parsed url   query: null,
39 verbose parsed url   pathname: '^4.3.1',
39 verbose parsed url   path: '^4.3.1',
39 verbose parsed url   href: '^4.3.1' }
40 verbose addNamed [ 'mongoose', '^4.3.1' ]
41 verbose addNamed [ null, '>=4.3.1-0 <5.0.0-0' ]
42 silly lockFile 25070dbf-mongoose-4-3-1 mongoose@^4.3.1
43 verbose lock mongoose@^4.3.1 /home/dlbmc/.npm/25070dbf-mongoose-4-3-1.lock
44 verbose cache add name="mongodb-uri" spec="^0.9.7" args=["mongodb-uri","^0.9.7"]
45 verbose parsed url { protocol: null,
45 verbose parsed url   slashes: null,
45 verbose parsed url   auth: null,
45 verbose parsed url   host: null,
45 verbose parsed url   port: null,
45 verbose parsed url   hostname: null,
45 verbose parsed url   hash: null,
45 verbose parsed url   search: null,
45 verbose parsed url   query: null,
45 verbose parsed url   pathname: '^0.9.7',
45 verbose parsed url   path: '^0.9.7',
45 verbose parsed url   href: '^0.9.7' }
46 verbose addNamed [ 'mongodb-uri', '^0.9.7' ]
47 verbose addNamed [ null, '>=0.9.7-0 <0.10.0-0' ]
48 silly lockFile d98001c2-mongodb-uri-0-9-7 mongodb-uri@^0.9.7
49 verbose lock mongodb-uri@^0.9.7 /home/dlbmc/.npm/d98001c2-mongodb-uri-0-9-7.lock
50 silly addNameRange { name: 'nodemon', range: '>=1.7.1-0 <2.0.0-0', hasData: false }
51 silly addNameRange { name: 'tape', range: '>=4.2.1-0 <5.0.0-0', hasData: false }
52 silly addNameRange { name: 'mongoose', range: '>=4.3.1-0 <5.0.0-0', hasData: false }
53 silly addNameRange { name: 'mongodb-uri',
53 silly addNameRange   range: '>=0.9.7-0 <0.10.0-0',
53 silly addNameRange   hasData: false }
54 verbose request where is /nodemon
55 verbose request registry https://registry.npmjs.org/
56 verbose request id 8b968b1d6cff4896
57 verbose url raw /nodemon
58 verbose url resolving [ 'https://registry.npmjs.org/', './nodemon' ]
59 verbose url resolved https://registry.npmjs.org/nodemon
60 verbose request where is https://registry.npmjs.org/nodemon
61 info trying registry request attempt 1 at 07:32:44
62 verbose etag "DE2B6702G1BS68IFSSR92YUBB"
63 http GET https://registry.npmjs.org/nodemon
64 verbose request where is /mongodb-uri
65 verbose request registry https://registry.npmjs.org/
66 verbose url raw /mongodb-uri
67 verbose url resolving [ 'https://registry.npmjs.org/', './mongodb-uri' ]
68 verbose url resolved https://registry.npmjs.org/mongodb-uri
69 verbose request where is https://registry.npmjs.org/mongodb-uri
70 info trying registry request attempt 1 at 07:32:44
71 verbose etag "3J91WODH54LFVK2O2CEC490FT"
72 http GET https://registry.npmjs.org/mongodb-uri
73 verbose request where is /mongoose
74 verbose request registry https://registry.npmjs.org/
75 verbose url raw /mongoose
76 verbose url resolving [ 'https://registry.npmjs.org/', './mongoose' ]
77 verbose url resolved https://registry.npmjs.org/mongoose
78 verbose request where is https://registry.npmjs.org/mongoose
79 info trying registry request attempt 1 at 07:32:44
80 verbose etag "OPPPGEXT9UABSBGOSDRF5FWT"
81 http GET https://registry.npmjs.org/mongoose
82 verbose request where is /tape
83 verbose request registry https://registry.npmjs.org/
84 verbose url raw /tape
85 verbose url resolving [ 'https://registry.npmjs.org/', './tape' ]
86 verbose url resolved https://registry.npmjs.org/tape
87 verbose request where is https://registry.npmjs.org/tape
88 info trying registry request attempt 1 at 07:32:44
89 verbose etag "CAG8GEG8TN3A3X26HZMNXV5R5"
90 http GET https://registry.npmjs.org/tape
91 http 304 https://registry.npmjs.org/tape
92 silly registry.get cb [ 304,
92 silly registry.get   { date: 'Fri, 12 Feb 2016 10:34:00 GMT',
92 silly registry.get     via: '1.1 varnish',
92 silly registry.get     'cache-control': 'max-age=300',
92 silly registry.get     etag: '"CAG8GEG8TN3A3X26HZMNXV5R5"',
92 silly registry.get     age: '255',
92 silly registry.get     connection: 'keep-alive',
92 silly registry.get     'x-served-by': 'cache-atl6246-ATL',
92 silly registry.get     'x-cache': 'HIT',
92 silly registry.get     'x-cache-hits': '5',
92 silly registry.get     'x-timer': 'S1455273240.407710,VS0,VE0',
92 silly registry.get     vary: 'Accept' } ]
93 verbose etag https://registry.npmjs.org/tape from cache
94 silly addNameRange number 2 { name: 'tape', range: '>=4.2.1-0 <5.0.0-0', hasData: true }
95 silly addNameRange versions [ 'tape',
95 silly addNameRange   [ '0.0.0',
95 silly addNameRange     '0.0.1',
95 silly addNameRange     '0.0.2',
95 silly addNameRange     '0.0.3',
95 silly addNameRange     '0.0.4',
95 silly addNameRange     '0.0.5',
95 silly addNameRange     '0.1.0',
95 silly addNameRange     '0.1.1',
95 silly addNameRange     '0.1.2',
95 silly addNameRange     '0.1.3',
95 silly addNameRange     '0.1.4',
95 silly addNameRange     '0.1.5',
95 silly addNameRange     '0.2.0',
95 silly addNameRange     '0.2.1',
95 silly addNameRange     '0.2.2',
95 silly addNameRange     '0.3.0',
95 silly addNameRange     '0.3.1',
95 silly addNameRange     '0.3.2',
95 silly addNameRange     '0.3.3',
95 silly addNameRange     '1.0.0',
95 silly addNameRange     '1.0.1',
95 silly addNameRange     '1.0.2',
95 silly addNameRange     '1.0.3',
95 silly addNameRange     '1.0.4',
95 silly addNameRange     '1.1.0',
95 silly addNameRange     '1.1.1',
95 silly addNameRange     '2.0.0',
95 silly addNameRange     '2.0.1',
95 silly addNameRange     '2.1.0',
95 silly addNameRange     '2.2.0',
95 silly addNameRange     '2.2.1',
95 silly addNameRange     '2.3.0',
95 silly addNameRange     '2.3.1',
95 silly addNameRange     '2.3.2',
95 silly addNameRange     '2.4.0',
95 silly addNameRange     '2.4.1',
95 silly addNameRange     '2.4.2',
95 silly addNameRange     '2.5.0',
95 silly addNameRange     '2.6.0',
95 silly addNameRange     '2.7.0',
95 silly addNameRange     '2.7.1',
95 silly addNameRange     '2.7.2',
95 silly addNameRange     '2.8.0',
95 silly addNameRange     '2.9.0',
95 silly addNameRange     '2.10.0',
95 silly addNameRange     '2.10.1',
95 silly addNameRange     '2.10.2',
95 silly addNameRange     '2.11.0',
95 silly addNameRange     '2.12.0',
95 silly addNameRange     '2.12.1',
95 silly addNameRange     '2.0.2',
95 silly addNameRange     '2.1.1',
95 silly addNameRange     '2.2.2',
95 silly addNameRange     '2.3.3',
95 silly addNameRange     '2.4.3',
95 silly addNameRange     '2.5.1',
95 silly addNameRange     '2.6.1',
95 silly addNameRange     '2.7.3',
95 silly addNameRange     '2.8.1',
95 silly addNameRange     '2.9.1',
95 silly addNameRange     '2.10.3',
95 silly addNameRange     '2.11.1',
95 silly addNameRange     '2.12.2',
95 silly addNameRange     '2.12.3',
95 silly addNameRange     '2.13.0',
95 silly addNameRange     '2.13.1',
95 silly addNameRange     '2.13.2',
95 silly addNameRange     '2.13.3',
95 silly addNameRange     '2.13.4',
95 silly addNameRange     '2.14.0',
95 silly addNameRange     '3.0.0',
95 silly addNameRange     '3.0.1',
95 silly addNameRange     '3.0.2',
95 silly addNameRange     '3.0.3',
95 silly addNameRange     '3.1.0',
95 silly addNameRange     '3.2.0',
95 silly addNameRange     '3.3.0',
95 silly addNameRange     '3.4.0',
95 silly addNameRange     '3.5.0',
95 silly addNameRange     '4.0.0',
95 silly addNameRange     '4.0.1',
95 silly addNameRange     '4.0.2',
95 silly addNameRange     '4.0.3',
95 silly addNameRange     '4.1.0',
95 silly addNameRange     '4.2.0',
95 silly addNameRange     '4.2.1',
95 silly addNameRange     '4.2.2',
95 silly addNameRange     '4.3.0',
95 silly addNameRange     '4.4.0' ] ]
96 verbose addNamed [ 'tape', '4.4.0' ]
97 verbose addNamed [ '4.4.0', '4.4.0' ]
98 silly lockFile 89ded47f-tape-4-4-0 tape@4.4.0
99 verbose lock tape@4.4.0 /home/dlbmc/.npm/89ded47f-tape-4-4-0.lock
100 silly lockFile 89ded47f-tape-4-4-0 tape@4.4.0
101 silly lockFile 89ded47f-tape-4-4-0 tape@4.4.0
102 silly lockFile 954273e4-tape-4-2-1 tape@^4.2.1
103 silly lockFile 954273e4-tape-4-2-1 tape@^4.2.1
104 http 304 https://registry.npmjs.org/mongodb-uri
105 silly registry.get cb [ 304,
105 silly registry.get   { date: 'Fri, 12 Feb 2016 10:34:00 GMT',
105 silly registry.get     via: '1.1 varnish',
105 silly registry.get     'cache-control': 'max-age=300',
105 silly registry.get     etag: '"3J91WODH54LFVK2O2CEC490FT"',
105 silly registry.get     age: '0',
105 silly registry.get     connection: 'keep-alive',
105 silly registry.get     'x-served-by': 'cache-atl6222-ATL',
105 silly registry.get     'x-cache': 'HIT',
105 silly registry.get     'x-cache-hits': '1',
105 silly registry.get     'x-timer': 'S1455273240.409463,VS0,VE395',
105 silly registry.get     vary: 'Accept' } ]
106 verbose etag https://registry.npmjs.org/mongodb-uri from cache
107 http 200 https://registry.npmjs.org/nodemon
108 silly registry.get cb [ 200,
108 silly registry.get   { server: 'CouchDB/1.5.0 (Erlang OTP/R16B03)',
108 silly registry.get     etag: '"7A2MM3YSVZLEWXRECBK0BDPWC"',
108 silly registry.get     'content-type': 'application/json',
108 silly registry.get     'cache-control': 'max-age=300',
108 silly registry.get     'content-length': '182160',
108 silly registry.get     'accept-ranges': 'bytes',
108 silly registry.get     date: 'Fri, 12 Feb 2016 10:34:00 GMT',
108 silly registry.get     via: '1.1 varnish',
108 silly registry.get     age: '166',
108 silly registry.get     connection: 'keep-alive',
108 silly registry.get     'x-served-by': 'cache-atl6247-ATL',
108 silly registry.get     'x-cache': 'HIT',
108 silly registry.get     'x-cache-hits': '2',
108 silly registry.get     'x-timer': 'S1455273240.402060,VS0,VE0',
108 silly registry.get     vary: 'Accept' } ]
109 silly addNameRange number 2 { name: 'mongodb-uri',
109 silly addNameRange   range: '>=0.9.7-0 <0.10.0-0',
109 silly addNameRange   hasData: true }
110 silly addNameRange versions [ 'mongodb-uri',
110 silly addNameRange   [ '0.9.0', '0.9.1', '0.9.3', '0.9.4', '0.9.5', '0.9.6', '0.9.7' ] ]
111 verbose addNamed [ 'mongodb-uri', '0.9.7' ]
112 verbose addNamed [ '0.9.7', '0.9.7' ]
113 silly lockFile 91530851-mongodb-uri-0-9-7 mongodb-uri@0.9.7
114 verbose lock mongodb-uri@0.9.7 /home/dlbmc/.npm/91530851-mongodb-uri-0-9-7.lock
115 silly addNameRange number 2 { name: 'nodemon', range: '>=1.7.1-0 <2.0.0-0', hasData: true }
116 silly addNameRange versions [ 'nodemon',
116 silly addNameRange   [ '0.1.4',
116 silly addNameRange     '0.1.5',
116 silly addNameRange     '0.1.6',
116 silly addNameRange     '0.1.7',
116 silly addNameRange     '0.1.8',
116 silly addNameRange     '0.2.0',
116 silly addNameRange     '0.2.1',
116 silly addNameRange     '0.2.2',
116 silly addNameRange     '0.3.0',
116 silly addNameRange     '0.3.1',
116 silly addNameRange     '0.3.2',
116 silly addNameRange     '0.4.0',
116 silly addNameRange     '0.4.1',
116 silly addNameRange     '0.5.0',
116 silly addNameRange     '0.5.1',
116 silly addNameRange     '0.5.2',
116 silly addNameRange     '0.5.3',
116 silly addNameRange     '0.5.4',
116 silly addNameRange     '0.5.5',
116 silly addNameRange     '0.5.6',
116 silly addNameRange     '0.5.7',
116 silly addNameRange     '0.6.0',
116 silly addNameRange     '0.6.1',
116 silly addNameRange     '0.6.2',
116 silly addNameRange     '0.6.3',
116 silly addNameRange     '0.6.4',
116 silly addNameRange     '0.6.5',
116 silly addNameRange     '0.6.6',
116 silly addNameRange     '0.6.7',
116 silly addNameRange     '0.6.8',
116 silly addNameRange     '0.6.9',
116 silly addNameRange     '0.6.10',
116 silly addNameRange     '0.6.11',
116 silly addNameRange     '0.6.12',
116 silly addNameRange     '0.6.13',
116 silly addNameRange     '0.6.14',
116 silly addNameRange     '0.6.15',
116 silly addNameRange     '0.6.16',
116 silly addNameRange     '0.6.17',
116 silly addNameRange     '0.6.18',
116 silly addNameRange     '0.6.19',
116 silly addNameRange     '0.6.20',
116 silly addNameRange     '0.6.21',
116 silly addNameRange     '0.6.22',
116 silly addNameRange     '0.6.23',
116 silly addNameRange     '0.7.0',
116 silly addNameRange     '0.7.1',
116 silly addNameRange     '0.7.2',
116 silly addNameRange     '0.7.3',
116 silly addNameRange     '0.7.4',
116 silly addNameRange     '0.7.5',
116 silly addNameRange     '0.7.6',
116 silly addNameRange     '0.7.7',
116 silly addNameRange     '0.7.8',
116 silly addNameRange     '0.7.10',
116 silly addNameRange     '0.9.0',
116 silly addNameRange     '0.9.1',
116 silly addNameRange     '0.9.2',
116 silly addNameRange     '0.9.3',
116 silly addNameRange     '0.9.5',
116 silly addNameRange     '0.9.6',
116 silly addNameRange     '0.9.7',
116 silly addNameRange     '0.9.10',
116 silly addNameRange     '0.9.11',
116 silly addNameRange     '0.9.12',
116 silly addNameRange     '0.9.14',
116 silly addNameRange     '0.9.16',
116 silly addNameRange     '0.9.17',
116 silly addNameRange     '1.0.0',
116 silly addNameRange     '1.0.1',
116 silly addNameRange     '1.0.2',
116 silly addNameRange     '1.0.2-rc',
116 silly addNameRange     '0.6.10-a',
116 silly addNameRange     '1.0.2-rc3',
116 silly addNameRange     '1.0.2-rc4',
116 silly addNameRange     '1.0.3',
116 silly addNameRange     '1.0.4',
116 silly addNameRange     '1.0.5',
116 silly addNameRange     '1.0.6',
116 silly addNameRange     '1.0.7',
116 silly addNameRange     '1.0.8',
116 silly addNameRange     '1.0.9',
116 silly addNameRange     '1.0.10',
116 silly addNameRange     '1.0.11',
116 silly addNameRange     '1.0.12',
116 silly addNameRange     '1.0.13',
116 silly addNameRange     '1.0.14',
116 silly addNameRange     '1.0.15',
116 silly addNameRange     '1.0.16',
116 silly addNameRange     '1.0.17-rc1',
116 silly addNameRange     '1.0.17-rc2',
116 silly addNameRange     '1.0.17',
116 silly addNameRange     '1.0.18',
116 silly addNameRange     '1.0.19',
116 silly addNameRange     '1.0.20',
116 silly addNameRange     '1.1.0-alpha',
116 silly addNameRange     '1.1.0',
116 silly addNameRange     '1.1.1',
116 silly addNameRange     '1.2.0',
116 silly addNameRange     '1.2.1',
116 silly addNameRange     '1.3.0-0',
116 silly addNameRange     '1.3.0-1',
116 silly addNameRange     '1.3.0-2',
116 silly addNameRange     '1.3.0-3',
116 silly addNameRange     '1.3.0-4',
116 silly addNameRange     '1.3.0-5',
116 silly addNameRange     '1.3.0-6',
116 silly addNameRange     '1.3.0-7',
116 silly addNameRange     '1.3.0',
116 silly addNameRange     '1.3.1',
116 silly addNameRange     '1.3.2',
116 silly addNameRange     '1.3.3',
116 silly addNameRange     '1.3.5',
116 silly addNameRange     '1.3.6',
116 silly addNameRange     '1.3.7',
116 silly addNameRange     '1.3.8',
116 silly addNameRange     '1.4.0',
116 silly addNameRange     '1.4.1',
116 silly addNameRange     '1.5.0-alpha1',
116 silly addNameRange     '1.5.0-alpha2',
116 silly addNameRange     '1.5.0-alpha3',
116 silly addNameRange     '1.5.0-alpha4',
116 silly addNameRange     '1.4.2',
116 silly addNameRange     '1.5.0',
116 silly addNameRange     '1.5.1',
116 silly addNameRange     '1.6.0',
116 silly addNameRange     '1.6.1',
116 silly addNameRange     '1.7.0',
116 silly addNameRange     '1.7.1',
116 silly addNameRange     '1.7.2',
116 silly addNameRange     '1.7.3',
116 silly addNameRange     '1.8.0',
116 silly addNameRange     '1.8.1' ] ]
117 verbose addNamed [ 'nodemon', '1.8.1' ]
118 verbose addNamed [ '1.8.1', '1.8.1' ]
119 silly lockFile d418affa-nodemon-1-8-1 nodemon@1.8.1
120 verbose lock nodemon@1.8.1 /home/dlbmc/.npm/d418affa-nodemon-1-8-1.lock
121 silly lockFile 91530851-mongodb-uri-0-9-7 mongodb-uri@0.9.7
122 silly lockFile 91530851-mongodb-uri-0-9-7 mongodb-uri@0.9.7
123 silly lockFile d98001c2-mongodb-uri-0-9-7 mongodb-uri@^0.9.7
124 silly lockFile d98001c2-mongodb-uri-0-9-7 mongodb-uri@^0.9.7
125 silly lockFile d418affa-nodemon-1-8-1 nodemon@1.8.1
126 silly lockFile d418affa-nodemon-1-8-1 nodemon@1.8.1
127 silly lockFile d516100b-nodemon-1-7-1 nodemon@^1.7.1
128 silly lockFile d516100b-nodemon-1-7-1 nodemon@^1.7.1
129 http 200 https://registry.npmjs.org/mongoose
130 silly registry.get cb [ 200,
130 silly registry.get   { server: 'CouchDB/1.5.0 (Erlang OTP/R16B03)',
130 silly registry.get     etag: '"6LAMX6R20MHKWJE4MFKNW8G53"',
130 silly registry.get     'content-type': 'application/json',
130 silly registry.get     'cache-control': 'max-age=300',
130 silly registry.get     'content-length': '429850',
130 silly registry.get     'accept-ranges': 'bytes',
130 silly registry.get     date: 'Fri, 12 Feb 2016 10:34:00 GMT',
130 silly registry.get     via: '1.1 varnish',
130 silly registry.get     age: '175',
130 silly registry.get     connection: 'keep-alive',
130 silly registry.get     'x-served-by': 'cache-atl6229-ATL',
130 silly registry.get     'x-cache': 'HIT',
130 silly registry.get     'x-cache-hits': '1',
130 silly registry.get     'x-timer': 'S1455273240.395545,VS0,VE0',
130 silly registry.get     vary: 'Accept' } ]
131 silly addNameRange number 2 { name: 'mongoose', range: '>=4.3.1-0 <5.0.0-0', hasData: true }
132 silly addNameRange versions [ 'mongoose',
132 silly addNameRange   [ '0.0.1',
132 silly addNameRange     '0.0.2',
132 silly addNameRange     '0.0.3',
132 silly addNameRange     '0.0.4',
132 silly addNameRange     '0.0.5',
132 silly addNameRange     '1.0.0',
132 silly addNameRange     '1.0.1',
132 silly addNameRange     '1.0.2',
132 silly addNameRange     '0.0.6',
132 silly addNameRange     '1.0.3',
132 silly addNameRange     '1.0.4',
132 silly addNameRange     '1.0.5',
132 silly addNameRange     '1.0.6',
132 silly addNameRange     '1.0.7',
132 silly addNameRange     '1.0.8',
132 silly addNameRange     '1.0.10',
132 silly addNameRange     '1.0.11',
132 silly addNameRange     '1.0.12',
132 silly addNameRange     '1.0.13',
132 silly addNameRange     '1.0.14',
132 silly addNameRange     '1.0.15',
132 silly addNameRange     '1.0.16',
132 silly addNameRange     '1.1.0',
132 silly addNameRange     '1.1.1',
132 silly addNameRange     '1.1.2',
132 silly addNameRange     '1.1.3',
132 silly addNameRange     '1.1.4',
132 silly addNameRange     '1.1.5',
132 silly addNameRange     '1.1.6',
132 silly addNameRange     '1.1.7',
132 silly addNameRange     '1.1.8',
132 silly addNameRange     '1.1.9',
132 silly addNameRange     '1.1.10',
132 silly addNameRange     '1.1.11',
132 silly addNameRange     '1.1.12',
132 silly addNameRange     '1.1.13',
132 silly addNameRange     '1.1.14',
132 silly addNameRange     '1.1.15',
132 silly addNameRange     '1.1.16',
132 silly addNameRange     '1.1.17',
132 silly addNameRange     '1.1.18',
132 silly addNameRange     '1.1.19',
132 silly addNameRange     '1.1.20',
132 silly addNameRange     '1.1.21',
132 silly addNameRange     '1.1.22',
132 silly addNameRange     '1.1.23',
132 silly addNameRange     '1.1.24',
132 silly addNameRange     '1.1.25',
132 silly addNameRange     '1.2.0',
132 silly addNameRange     '1.3.0',
132 silly addNameRange     '1.3.1',
132 silly addNameRange     '1.3.2',
132 silly addNameRange     '1.3.3',
132 silly addNameRange     '1.3.4',
132 silly addNameRange     '1.3.5',
132 silly addNameRange     '1.3.6',
132 silly addNameRange     '1.3.7',
132 silly addNameRange     '1.4.0',
132 silly addNameRange     '1.5.0',
132 silly addNameRange     '1.6.0',
132 silly addNameRange     '1.7.2',
132 silly addNameRange     '1.7.3',
132 silly addNameRange     '1.7.4',
132 silly addNameRange     '1.8.0',
132 silly addNameRange     '1.8.1',
132 silly addNameRange     '1.8.2',
132 silly addNameRange     '1.8.3',
132 silly addNameRange     '1.8.4',
132 silly addNameRange     '2.0.0',
132 silly addNameRange     '2.0.1',
132 silly addNameRange     '2.0.2',
132 silly addNameRange     '2.0.3',
132 silly addNameRange     '2.0.4',
132 silly addNameRange     '2.1.0',
132 silly addNameRange     '2.1.1',
132 silly addNameRange     '2.1.2',
132 silly addNameRange     '2.1.3',
132 silly addNameRange     '2.1.4',
132 silly addNameRange     '2.2.0',
132 silly addNameRange     '2.2.1',
132 silly addNameRange     '2.2.2',
132 silly addNameRange     '2.2.3',
132 silly addNameRange     '2.2.4',
132 silly addNameRange     '2.3.0',
132 silly addNameRange     '2.3.1',
132 silly addNameRange     '2.3.2',
132 silly addNameRange     '2.3.3',
132 silly addNameRange     '2.3.4',
132 silly addNameRange     '2.3.5',
132 silly addNameRange     '2.3.6',
132 silly addNameRange     '2.3.7',
132 silly addNameRange     '2.3.8',
132 silly addNameRange     '2.3.9',
132 silly addNameRange     '2.3.10',
132 silly addNameRange     '2.3.11',
132 silly addNameRange     '2.3.12',
132 silly addNameRange     '2.3.13',
132 silly addNameRange     '2.4.0',
132 silly addNameRange     '2.4.1',
132 silly addNameRange     '2.4.2',
132 silly addNameRange     '2.4.3',
132 silly addNameRange     '2.4.4',
132 silly addNameRange     '2.4.5',
132 silly addNameRange     '2.4.6',
132 silly addNameRange     '2.4.7',
132 silly addNameRange     '2.4.8',
132 silly addNameRange     '2.4.9',
132 silly addNameRange     '2.4.10',
132 silly addNameRange     '2.5.0',
132 silly addNameRange     '2.5.1',
132 silly addNameRange     '2.5.2',
132 silly addNameRange     '2.5.3',
132 silly addNameRange     '2.5.4',
132 silly addNameRange     '2.5.5',
132 silly addNameRange     '2.5.6',
132 silly addNameRange     '2.5.7',
132 silly addNameRange     '2.5.8',
132 silly addNameRange     '2.5.9',
132 silly addNameRange     '2.5.10',
132 silly addNameRange     '2.5.11',
132 silly addNameRange     '2.5.12',
132 silly addNameRange     '2.5.13',
132 silly addNameRange     '2.5.14',
132 silly addNameRange     '2.6.0',
132 silly addNameRange     '2.6.1',
132 silly addNameRange     '2.6.2',
132 silly addNameRange     '2.6.3',
132 silly addNameRange     '2.6.4',
132 silly addNameRange     '2.6.5',
132 silly addNameRange     '2.6.6',
132 silly addNameRange     '2.6.7',
132 silly addNameRange     '2.6.8',
132 silly addNameRange     '2.7.0',
132 silly addNameRange     '2.7.1',
132 silly addNameRange     '2.7.2',
132 silly addNameRange     '2.7.4',
132 silly addNameRange     '2.7.3',
132 silly addNameRange     '3.0.0',
132 silly addNameRange     '3.0.1',
132 silly addNameRange     '3.0.2',
132 silly addNameRange     '2.8.0',
132 silly addNameRange     '3.0.3',
132 silly addNameRange     '3.1.0',
132 silly addNameRange     '2.8.1',
132 silly addNameRange     '3.1.1',
132 silly addNameRange     '2.8.2',
132 silly addNameRange     '2.8.3',
132 silly addNameRange     '2.9.0',
132 silly addNameRange     '3.2.0',
132 silly addNameRange     '2.9.1',
132 silly addNameRange     '3.2.1',
132 silly addNameRange     '2.9.2',
132 silly addNameRange     '3.2.2',
132 silly addNameRange     '3.3.0',
132 silly addNameRange     '3.3.1',
132 silly addNameRange     '2.9.3',
132 silly addNameRange     '3.4.0',
132 silly addNameRange     '2.9.4',
132 silly addNameRange     '2.9.5',
132 silly addNameRange     '3.5.0',
132 silly addNameRange     '3.5.1',
132 silly addNameRange     '3.5.2',
132 silly addNameRange     '3.5.3',
132 silly addNameRange     '2.9.6',
132 silly addNameRange     '2.9.7',
132 silly addNameRange     '3.5.4',
132 silly addNameRange     '3.5.5',
132 silly addNameRange     '2.9.8',
132 silly addNameRange     '2.9.9',
132 silly addNameRange     '3.5.6',
132 silly addNameRange     '3.5.7',
132 silly addNameRange     '3.5.8',
132 silly addNameRange     '2.9.10',
132 silly addNameRange     '3.5.9',
132 silly addNameRange     '3.6.2',
132 silly addNameRange     '3.5.10',
132 silly addNameRange     '3.6.3',
132 silly addNameRange     '3.5.11',
132 silly addNameRange     '3.6.4',
132 silly addNameRange     '3.6.5',
132 silly addNameRange     '3.6.6',
132 silly addNameRange     '3.6.7',
132 silly addNameRange     '3.5.12',
132 silly addNameRange     '3.6.8',
132 silly addNameRange     '3.6.9',
132 silly addNameRange     '3.6.10',
132 silly addNameRange     '3.5.13',
132 silly addNameRange     '3.5.14',
132 silly addNameRange     '3.6.11',
132 silly addNameRange     '3.6.12',
132 silly addNameRange     '3.6.13',
132 silly addNameRange     '3.6.14',
132 silly addNameRange     '3.6.15',
132 silly addNameRange     '3.5.15',
132 silly addNameRange     '3.7.0',
132 silly addNameRange     '3.6.16',
132 silly addNameRange     '3.5.16',
132 silly addNameRange     '3.6.17',
132 silly addNameRange     '3.7.2',
132 silly addNameRange     '3.0.0-alpha1',
132 silly addNameRange     '3.0.0-alpha2',
132 silly addNameRange     '3.0.0-rc0',
132 silly addNameRange     '3.6.0-rc0',
132 silly addNameRange     '3.6.0-rc1',
132 silly addNameRange     '3.6.18',
132 silly addNameRange     '3.7.3',
132 silly addNameRange     '3.6.19',
132 silly addNameRange     '3.6.20',
132 silly addNameRange     '3.7.4',
132 silly addNameRange     '3.8.0',
132 silly addNameRange     '3.8.1',
132 silly addNameRange     '3.8.2',
132 silly addNameRange     '3.8.3',
132 silly addNameRange     '3.8.4',
132 silly addNameRange     '3.8.5',
132 silly addNameRange     '3.8.6',
132 silly addNameRange     '3.8.7',
132 silly addNameRange     '3.8.8',
132 silly addNameRange     '3.8.9',
132 silly addNameRange     '3.8.10',
132 silly addNameRange     '3.8.11',
132 silly addNameRange     '3.9.0',
132 silly addNameRange     '3.8.12',
132 silly addNameRange     '3.8.13',
132 silly addNameRange     '3.8.14',
132 silly addNameRange     '3.8.15',
132 silly addNameRange     '3.9.1',
132 silly addNameRange     '3.8.16',
132 silly addNameRange     '3.9.2',
132 silly addNameRange     '3.8.17',
132 silly addNameRange     '3.9.3',
132 silly addNameRange     '3.8.18',
132 silly addNameRange     '3.9.4',
132 silly addNameRange     '3.8.19',
132 silly addNameRange     '3.9.5',
132 silly addNameRange     '3.8.20',
132 silly addNameRange     '3.9.6',
132 silly addNameRange     '3.8.21',
132 silly addNameRange     '3.9.7',
132 silly addNameRange     '3.8.22',
132 silly addNameRange     '4.0.0-rc0',
132 silly addNameRange     '4.0.0-rc1',
132 silly addNameRange     '3.8.23',
132 silly addNameRange     '4.0.0-rc2',
132 silly addNameRange     '3.8.24',
132 silly addNameRange     '4.0.0-rc3',
132 silly addNameRange     '3.8.25',
132 silly addNameRange     '4.0.0-rc4',
132 silly addNameRange     '4.0.0',
132 silly addNameRange     '4.0.1',
132 silly addNameRange     '3.8.26',
132 silly addNameRange     '3.8.27',
132 silly addNameRange     '4.0.2',
132 silly addNameRange     '3.8.28',
132 silly addNameRange     '4.0.3',
132 silly addNameRange     '3.8.29',
132 silly addNameRange     '4.0.4',
132 silly addNameRange     '3.8.30',
132 silly addNameRange     '4.0.5',
132 silly addNameRange     '3.8.31',
132 silly addNameRange     '4.0.6',
132 silly addNameRange     '3.8.33',
132 silly addNameRange     '4.0.7',
132 silly addNameRange     '3.8.34',
132 silly addNameRange     '4.0.8',
132 silly addNameRange     '4.1.0',
132 silly addNameRange     '4.1.1',
132 silly addNameRange     '4.1.2',
132 silly addNameRange     '3.8.35',
132 silly addNameRange     '4.1.3',
132 silly addNameRange     '4.1.5',
132 silly addNameRange     '4.1.6',
132 silly addNameRange     '4.1.7',
132 silly addNameRange     '4.1.8',
132 silly addNameRange     '4.1.9',
132 silly addNameRange     '4.1.10',
132 silly addNameRange     '4.1.11',
132 silly addNameRange     '3.8.36',
132 silly addNameRange     '4.1.12',
132 silly addNameRange     '4.2.0',
132 silly addNameRange     '4.2.1',
132 silly addNameRange     '4.2.2',
132 silly addNameRange     '4.2.3',
132 silly addNameRange     '4.2.4',
132 silly addNameRange     '4.2.5',
132 silly addNameRange     '3.8.37',
132 silly addNameRange     '4.2.6',
132 silly addNameRange     '4.2.7',
132 silly addNameRange     '4.2.8',
132 silly addNameRange     '4.2.9',
132 silly addNameRange     '4.2.10',
132 silly addNameRange     '4.3.0',
132 silly addNameRange     '4.3.1',
132 silly addNameRange     '4.3.2',
132 silly addNameRange     '4.3.3',
132 silly addNameRange     '4.3.4',
132 silly addNameRange     '3.8.38',
132 silly addNameRange     '4.3.5',
132 silly addNameRange     '4.3.6',
132 silly addNameRange     '3.8.39',
132 silly addNameRange     '4.3.7',
132 silly addNameRange     '4.4.0',
132 silly addNameRange     '4.4.1',
132 silly addNameRange     '4.4.2',
132 silly addNameRange     '4.4.3' ] ]
133 verbose addNamed [ 'mongoose', '4.4.3' ]
134 verbose addNamed [ '4.4.3', '4.4.3' ]
135 silly lockFile 009c1f61-mongoose-4-4-3 mongoose@4.4.3
136 verbose lock mongoose@4.4.3 /home/dlbmc/.npm/009c1f61-mongoose-4-4-3.lock
137 silly lockFile 2a523262--org-mongoose-mongoose-4-4-3-tgz https://registry.npmjs.org/mongoose/-/mongoose-4.4.3.tgz
138 verbose lock https://registry.npmjs.org/mongoose/-/mongoose-4.4.3.tgz /home/dlbmc/.npm/2a523262--org-mongoose-mongoose-4-4-3-tgz.lock
139 verbose addRemoteTarball [ 'https://registry.npmjs.org/mongoose/-/mongoose-4.4.3.tgz',
139 verbose addRemoteTarball   '0c7aeb37615cb631307cd2dff5d76c8681dac9ea' ]
140 info retry fetch attempt 1 at 07:32:45
141 verbose fetch to= /tmp/npm-6170-pECMVbVB/registry.npmjs.org/mongoose/-/mongoose-4.4.3.tgz
142 http GET https://registry.npmjs.org/mongoose/-/mongoose-4.4.3.tgz
143 http 200 https://registry.npmjs.org/mongoose/-/mongoose-4.4.3.tgz
144 silly lockFile 2a523262--org-mongoose-mongoose-4-4-3-tgz https://registry.npmjs.org/mongoose/-/mongoose-4.4.3.tgz
145 silly lockFile 2a523262--org-mongoose-mongoose-4-4-3-tgz https://registry.npmjs.org/mongoose/-/mongoose-4.4.3.tgz
146 silly lockFile 009c1f61-mongoose-4-4-3 mongoose@4.4.3
147 silly lockFile 009c1f61-mongoose-4-4-3 mongoose@4.4.3
148 silly lockFile 25070dbf-mongoose-4-3-1 mongoose@^4.3.1
149 silly lockFile 25070dbf-mongoose-4-3-1 mongoose@^4.3.1
150 error Error: EACCES, mkdir '/home/dlbmc/.npm/mongoose/4.4.3'
150 error  { [Error: EACCES, mkdir '/home/dlbmc/.npm/mongoose/4.4.3']
150 error   errno: 3,
150 error   code: 'EACCES',
150 error   path: '/home/dlbmc/.npm/mongoose/4.4.3',
150 error   parent: 'expressapp' }
151 error Please try running this command again as root/Administrator.
152 error System Linux 3.5.0-54-generic
153 error command "/usr/bin/node" "/usr/bin/npm" "install"
154 error cwd /home/dlbmc/IonicProjects/realTimeDataApplication/expressProject
155 error node -v v0.10.40
156 error npm -v 1.4.28
157 error path /home/dlbmc/.npm/mongoose/4.4.3
158 error code EACCES
159 error errno 3
160 error stack Error: EACCES, mkdir '/home/dlbmc/.npm/mongoose/4.4.3'
161 verbose exit [ 3, true ]
